# This file was automatically created by FeynRules 2.0.20
# Mathematica version: 9.0 for Microsoft Windows (64-bit) (January 25, 2013)
# Date: Tue 11 Mar 2014 20:03:47


# 
# This is the logfile for the model Standard Model and anomalous quartic couplings

# Authors: N. Christensen, C. Duhr, modified by OJPE and MCGG
# Model version: 1.4
# Checking the Quantum numbers
   * Electric charge defined.
# Checking the Lagrangians
   * All Lagrangians are ok.
#
# Particle definitions
#

   * No particles removed. All particles correspond to GenInt setup.

# Automatically assigned PDG numbers
   * Assigned PDG number 9000001 to particle ghA
   * Assigned PDG number 9000002 to particle ghZ
   * Assigned PDG number 9000003 to particle ghWp
   * Assigned PDG number 9000004 to particle ghWm
   * Assigned PDG number 9000005 to particle ghG


# Compulsory PDG codes:
   * Class SM leptons complete.
   * Class SM neutrinos complete.
   * Class SM quarks complete.
   * Class SM gauge bosons complete.
#
# Parameter definitions
#

   * All parameters are ok.


# Vertices
   * Calling FeynmanRules for 13 Lagrangians.
   * Number of classes vertices: 121
   * Number of flavored vertices: 151
   * Saved vertices in InterfaceRun[ 2 ].
   * Checked QNumber conservation.
      - Quantum number GhostNumber conserved in all vertices.
      - Quantum number LeptonNumber conserved in all vertices.
      - Quantum number Q conserved in all vertices.
   * particles.py written.
   * parameters.py written.
#
# Vertex definitions
#

   * 151 vertices written.
   * vertices.py written.
#
# Lorentz structure definitions
#

   * 316 lorentz structures written.
   * lorentz.py written.
#
# Coupling definitions
#

   * 392 couplings written.
   * couplings.py written.
#
# Coupling order definitions
#

   * 0 couplings orders written.
   * coupling_orders.py written.
#
# Decay definitions
#

   * 6 decays written.
   * decay.py not written
